Using pre-set license
Built from '2020.3/staging' branch; Version is '2020.3.22f1 (e1a7f79fd887) revision 14788599'; Using compiler version '192528614'; Build Type 'Release'
OS: 'Windows 10 Home; OS build 19042.1526; Version 2009; 64bit' Language: 'en' Physical Memory: 16301 MB
BatchMode: 1, IsHumanControllingUs: 0, StartBugReporterOnCrash: 0, Is64bit: 1, IsPro: 0

COMMAND LINE ARGUMENTS:
C:\Program Files\Unity\Hub\Editor\2020.3.22f1\Editor\Unity.exe
-adb2
-batchMode
-noUpm
-name
AssetImportWorker0
-projectPath
C:/Users/joshu/Documents/GitHub/HOST-Kitchen-Configurator/HOST W1-1 Kitchen Configurator
-logFile
Logs/AssetImportWorker0.log
-srvPort
61842
Successfully changed project path to: C:/Users/joshu/Documents/GitHub/HOST-Kitchen-Configurator/HOST W1-1 Kitchen Configurator
C:/Users/joshu/Documents/GitHub/HOST-Kitchen-Configurator/HOST W1-1 Kitchen Configurator
Using Asset Import Pipeline V2.
Refreshing native plugins compatible for Editor in 186.94 ms, found 2 plugins.
Preloading 0 native plugins for Editor in 0.00 ms.
Initialize engine version: 2020.3.22f1 (e1a7f79fd887)
[Subsystems] Discovering subsystems at path C:/Program Files/Unity/Hub/Editor/2020.3.22f1/Editor/Data/Resources/UnitySubsystems
[Subsystems] Discovering subsystems at path C:/Users/joshu/Documents/GitHub/HOST-Kitchen-Configurator/HOST W1-1 Kitchen Configurator/Assets
GfxDevice: creating device client; threaded=0
Direct3D:
    Version:  Direct3D 11.0 [level 11.1]
    Renderer: NVIDIA GeForce GTX 970 (ID=0x13c2)
    Vendor:   
    VRAM:     4043 MB
    Driver:   30.0.15.1179
Initialize mono
Mono path[0] = 'C:/Program Files/Unity/Hub/Editor/2020.3.22f1/Editor/Data/Managed'
Mono path[1] = 'C:/Program Files/Unity/Hub/Editor/2020.3.22f1/Editor/Data/MonoBleedingEdge/lib/mono/unityjit'
Mono config path = 'C:/Program Files/Unity/Hub/Editor/2020.3.22f1/Editor/Data/MonoBleedingEdge/etc'
Using monoOptions --debugger-agent=transport=dt_socket,embedding=1,server=y,suspend=n,address=127.0.0.1:56752
Begin MonoManager ReloadAssembly
Registering precompiled unity dll's ...
Register platform support module: C:/Program Files/Unity/Hub/Editor/2020.3.22f1/Editor/Data/PlaybackEngines/WindowsStandaloneSupport/UnityEditor.WindowsStandalone.Extensions.dll
Registered in 0.006653 seconds.
Native extension for WindowsStandalone target not found
Refreshing native plugins compatible for Editor in 138.10 ms, found 2 plugins.
Preloading 0 native plugins for Editor in 0.00 ms.
Mono: successfully reloaded assembly
- Completed reload, in 11.466 seconds
Domain Reload Profiling:
	ReloadAssembly (11466ms)
		BeginReloadAssembly (152ms)
			ExecutionOrderSort (0ms)
			DisableScriptedObjects (0ms)
			BackupInstance (0ms)
			ReleaseScriptingObjects (0ms)
			CreateAndSetChildDomain (1ms)
		EndReloadAssembly (1285ms)
			LoadAssemblies (113ms)
			RebuildTransferFunctionScriptingTraits (0ms)
			SetupTypeCache (363ms)
			ReleaseScriptCaches (0ms)
			RebuildScriptCaches (78ms)
			SetupLoadedEditorAssemblies (572ms)
				LogAssemblyErrors (0ms)
				InitializePlatformSupportModulesInManaged (10ms)
				SetLoadedEditorAssemblies (1ms)
				RefreshPlugins (138ms)
				BeforeProcessingInitializeOnLoad (31ms)
				ProcessInitializeOnLoadAttributes (252ms)
				ProcessInitializeOnLoadMethodAttributes (140ms)
				AfterProcessingInitializeOnLoad (0ms)
				EditorAssembliesLoaded (0ms)
			ExecutionOrderSort2 (0ms)
			AwakeInstancesAfterBackupRestoration (0ms)
Platform modules already initialized, skipping
Registering precompiled user dll's ...
Registered in 0.038995 seconds.
Begin MonoManager ReloadAssembly
Native extension for WindowsStandalone target not found
Refreshing native plugins compatible for Editor in 7.60 ms, found 2 plugins.
Preloading 0 native plugins for Editor in 0.00 ms.
Mono: successfully reloaded assembly
- Completed reload, in  8.516 seconds
Domain Reload Profiling:
	ReloadAssembly (8520ms)
		BeginReloadAssembly (497ms)
			ExecutionOrderSort (0ms)
			DisableScriptedObjects (9ms)
			BackupInstance (0ms)
			ReleaseScriptingObjects (0ms)
			CreateAndSetChildDomain (31ms)
		EndReloadAssembly (7672ms)
			LoadAssemblies (854ms)
			RebuildTransferFunctionScriptingTraits (0ms)
			SetupTypeCache (1607ms)
			ReleaseScriptCaches (2ms)
			RebuildScriptCaches (345ms)
			SetupLoadedEditorAssemblies (3361ms)
				LogAssemblyErrors (0ms)
				InitializePlatformSupportModulesInManaged (55ms)
				SetLoadedEditorAssemblies (2ms)
				RefreshPlugins (8ms)
				BeforeProcessingInitializeOnLoad (996ms)
				ProcessInitializeOnLoadAttributes (2140ms)
				ProcessInitializeOnLoadMethodAttributes (141ms)
				AfterProcessingInitializeOnLoad (18ms)
				EditorAssembliesLoaded (0ms)
			ExecutionOrderSort2 (0ms)
			AwakeInstancesAfterBackupRestoration (14ms)
Platform modules already initialized, skipping
========================================================================
Worker process is ready to serve import requests
Launched and connected shader compiler UnityShaderCompiler.exe after 0.11 seconds
Refreshing native plugins compatible for Editor in 1.11 ms, found 2 plugins.
Preloading 0 native plugins for Editor in 0.00 ms.
Unloading 2247 Unused Serialized files (Serialized files now loaded: 0)
System memory in use before: 98.9 MB.
System memory in use after: 99.0 MB.

Unloading 58 unused Assets to reduce memory usage. Loaded Objects now: 2662.
Total: 10.824600 ms (FindLiveObjects: 0.304300 ms CreateObjectMapping: 0.115100 ms MarkObjects: 10.267000 ms  DeleteObjects: 0.136000 ms)

AssetImportParameters requested are different than current active one (requested -> active):
  custom:framework-win-MediaFoundation: 216162199b28c13a410421893ffa2e32 -> 
  custom:video-decoder-ogg-theora: a1e56fd34408186e4bbccfd4996cb3dc -> 
  custom:container-muxer-webm: aa71ff27fc2769a1b78a27578f13a17b -> 
  custom:container-demuxer-webm: 4f35f7cbe854078d1ac9338744f61a02 -> 
  custom:container-demuxer-ogg: 62fdf1f143b41e24485cea50d1cbac27 -> 
  custom:video-encoder-webm-vp8: eb34c28f22e8b96e1ab97ce403110664 -> 
  custom:video-decoder-webm-vp8: 9c59270c3fd7afecdb556c50c9e8de78 -> 
  custom:audio-decoder-ogg-vorbis: bf7c407c2cedff20999df2af8eb42d56 -> 
  custom:audio-encoder-webm-vorbis: bf7c407c2cedff20999df2af8eb42d56 -> 
========================================================================
Received Import Request.
  path: Assets/_ Project/Scenes/Kitchen Furnished.unity
  artifactKey: Guid(a8d693ba113dbfa439000da2ba373b86) Importer(815301076,1909f56bfc062723c751e8b465ee728b)
Start importing Assets/_ Project/Scenes/Kitchen Furnished.unity using Guid(a8d693ba113dbfa439000da2ba373b86) Importer(815301076,1909f56bfc062723c751e8b465ee728b)  -> (artifact id: '5fc49a0c520efb5cc48732b17b135cb5') in 0.039692 seconds 
  Import took 0.045138 seconds .

========================================================================
Received Import Request.
  Time since last request: 107.643489 seconds.
  path: Assets/_ Project/Materials/Simple
  artifactKey: Guid(060aa3bc37d9df646b4ed2fec699d83f) Importer(815301076,1909f56bfc062723c751e8b465ee728b)
Start importing Assets/_ Project/Materials/Simple using Guid(060aa3bc37d9df646b4ed2fec699d83f) Importer(815301076,1909f56bfc062723c751e8b465ee728b)  -> (artifact id: 'eaa02505eef19011c75f133091aa88ed') in 0.042145 seconds 
  Import took 0.051345 seconds .

========================================================================
Received Import Request.
  Time since last request: 578.456390 seconds.
  path: Assets/TextMesh Pro
  artifactKey: Guid(f54d1bd14bd3ca042bd867b519fee8cc) Importer(815301076,1909f56bfc062723c751e8b465ee728b)
Start importing Assets/TextMesh Pro using Guid(f54d1bd14bd3ca042bd867b519fee8cc) Importer(815301076,1909f56bfc062723c751e8b465ee728b)  -> (artifact id: '6170b652e791f28e2dae01803c8e71bf') in 0.086148 seconds 
  Import took 0.232298 seconds .

========================================================================
Received Import Request.
  Time since last request: 0.151745 seconds.
  path: Assets/V1
  artifactKey: Guid(d4429ea043fff064fba6a885e5336bff) Importer(815301076,1909f56bfc062723c751e8b465ee728b)
Start importing Assets/V1 using Guid(d4429ea043fff064fba6a885e5336bff) Importer(815301076,1909f56bfc062723c751e8b465ee728b)  -> (artifact id: 'db7a48b84a188b73b69454a3e73796e3') in 0.020176 seconds 
  Import took 0.028262 seconds .

========================================================================
Received Import Request.
  Time since last request: 0.860349 seconds.
  path: Assets/V1/Mats
  artifactKey: Guid(95970860343709641a7dced26a76058b) Importer(815301076,1909f56bfc062723c751e8b465ee728b)
Start importing Assets/V1/Mats using Guid(95970860343709641a7dced26a76058b) Importer(815301076,1909f56bfc062723c751e8b465ee728b)  -> (artifact id: 'b49d89e64362f6902ce567d08d0d317c') in 0.016298 seconds 
  Import took 0.087577 seconds .

========================================================================
Received Import Request.
  Time since last request: 2.046556 seconds.
  path: Assets/V1/Model
  artifactKey: Guid(cd77307d7c1f3874ea848a07be936993) Importer(815301076,1909f56bfc062723c751e8b465ee728b)
Start importing Assets/V1/Model using Guid(cd77307d7c1f3874ea848a07be936993) Importer(815301076,1909f56bfc062723c751e8b465ee728b)  -> (artifact id: 'f06e6432d6b10fb35498925144d1af19') in 5.937933 seconds 
  Import took 10.994445 seconds .

========================================================================
Received Import Request.
  Time since last request: 4.751855 seconds.
  path: Assets/V1/Prefab/T1
  artifactKey: Guid(a6731e184fad5f349a4e318c1a182a82) Importer(815301076,1909f56bfc062723c751e8b465ee728b)
Start importing Assets/V1/Prefab/T1 using Guid(a6731e184fad5f349a4e318c1a182a82) Importer(815301076,1909f56bfc062723c751e8b465ee728b)  -> (artifact id: 'e3fe890b96d8cadedc22c9dee7be435e') in 0.010555 seconds 
  Import took 0.015914 seconds .

========================================================================
Received Import Request.
  Time since last request: 0.000283 seconds.
  path: Assets/V1/Prefab/T1/V1_T1_S5.prefab
  artifactKey: Guid(a997eceec76e3ec47ba0cfa16bd8ecf0) Importer(815301076,1909f56bfc062723c751e8b465ee728b)
Start importing Assets/V1/Prefab/T1/V1_T1_S5.prefab using Guid(a997eceec76e3ec47ba0cfa16bd8ecf0) Importer(815301076,1909f56bfc062723c751e8b465ee728b)  -> (artifact id: '0742108e170f2a7914dcc0c32e288815') in 11.910524 seconds 
  Import took 11.917339 seconds .

========================================================================
Received Import Request.
  Time since last request: 0.000367 seconds.
  path: Assets/V1/Prefab/T1/V1_T1_S2.prefab
  artifactKey: Guid(526a7966ccaa21a478875fa72207388c) Importer(815301076,1909f56bfc062723c751e8b465ee728b)
Start importing Assets/V1/Prefab/T1/V1_T1_S2.prefab using Guid(526a7966ccaa21a478875fa72207388c) Importer(815301076,1909f56bfc062723c751e8b465ee728b)  -> (artifact id: 'f46412bf44dc548465acf02ad05b5aed') in 11.808440 seconds 
  Import took 11.814636 seconds .

========================================================================
Received Import Request.
  Time since last request: 0.000271 seconds.
  path: Assets/V1/Prefab
  artifactKey: Guid(c77f8c119edd1754483bab34a8158887) Importer(815301076,1909f56bfc062723c751e8b465ee728b)
Start importing Assets/V1/Prefab using Guid(c77f8c119edd1754483bab34a8158887) Importer(815301076,1909f56bfc062723c751e8b465ee728b)  -> (artifact id: '2b9ef2b1a48e8493cd5d04ab42b5b1f8') in 0.011414 seconds 
  Import took 0.017553 seconds .

========================================================================
Received Import Request.
  Time since last request: 0.000270 seconds.
  path: Assets/V1/Prefab/T1/V1_T1_S1.prefab
  artifactKey: Guid(92f8eae6b9cd89041adc44709b6a9791) Importer(815301076,1909f56bfc062723c751e8b465ee728b)
Start importing Assets/V1/Prefab/T1/V1_T1_S1.prefab using Guid(92f8eae6b9cd89041adc44709b6a9791) Importer(815301076,1909f56bfc062723c751e8b465ee728b)  -> (artifact id: '84ee31e2357dd442e74bea5bb202c94f') in 16.597871 seconds 
  Import took 16.604396 seconds .

========================================================================
Received Import Request.
  Time since last request: 0.000295 seconds.
  path: Assets/V1/Prefab/T2/V1_T2_S3.prefab
  artifactKey: Guid(7fa8770c0c3055147a617e3961297c6f) Importer(815301076,1909f56bfc062723c751e8b465ee728b)
Start importing Assets/V1/Prefab/T2/V1_T2_S3.prefab using Guid(7fa8770c0c3055147a617e3961297c6f) Importer(815301076,1909f56bfc062723c751e8b465ee728b)  -> (artifact id: '4568ecce1204414d83a5bf7607de4f29') in 4.805810 seconds 
  Import took 4.812579 seconds .

========================================================================
Received Import Request.
  Time since last request: 0.000236 seconds.
  path: Assets/V1/Prefab/T2
  artifactKey: Guid(a3e4573945ae7f34285738019e5353a3) Importer(815301076,1909f56bfc062723c751e8b465ee728b)
Start importing Assets/V1/Prefab/T2 using Guid(a3e4573945ae7f34285738019e5353a3) Importer(815301076,1909f56bfc062723c751e8b465ee728b)  -> (artifact id: 'd06b3091ec04f9573ab2784e4ca27bdd') in 0.012917 seconds 
  Import took 0.122799 seconds .

========================================================================
Received Import Request.
  Time since last request: 0.000093 seconds.
  path: Assets/V1/Prefab/T2/V1_T2_S1.prefab
  artifactKey: Guid(558c8282b60471344bb6abd6cd7d800c) Importer(815301076,1909f56bfc062723c751e8b465ee728b)
Start importing Assets/V1/Prefab/T2/V1_T2_S1.prefab using Guid(558c8282b60471344bb6abd6cd7d800c) Importer(815301076,1909f56bfc062723c751e8b465ee728b)  -> (artifact id: 'e376938fca930f0636f599a84a01510a') in 5.749392 seconds 
  Import took 5.755462 seconds .

========================================================================
Received Import Request.
  Time since last request: 0.000258 seconds.
  path: Assets/V1/TextureSets
  artifactKey: Guid(d9ff68083d1a83942bcbffe0f1682dd9) Importer(815301076,1909f56bfc062723c751e8b465ee728b)
Start importing Assets/V1/TextureSets using Guid(d9ff68083d1a83942bcbffe0f1682dd9) Importer(815301076,1909f56bfc062723c751e8b465ee728b)  -> (artifact id: '5328118fb3148576ed1bae103d3fd668') in 0.010251 seconds 
  Import took 0.015308 seconds .

========================================================================
Received Import Request.
  Time since last request: 0.000267 seconds.
  path: Assets/V1/Prefab/T1/V1_T1_S6.prefab
  artifactKey: Guid(1b72e8ef40d1d994b8b788fb146d7edc) Importer(815301076,1909f56bfc062723c751e8b465ee728b)
Start importing Assets/V1/Prefab/T1/V1_T1_S6.prefab using Guid(1b72e8ef40d1d994b8b788fb146d7edc) Importer(815301076,1909f56bfc062723c751e8b465ee728b)  -> (artifact id: '10d7ee6b70be8d706cca12ca30b5cb0b') in 9.489593 seconds 
  Import took 9.496350 seconds .

========================================================================
Received Import Request.
  Time since last request: 0.000275 seconds.
  path: Assets/V1/Prefab/T1/V1_T1_S4.prefab
  artifactKey: Guid(8187d2ea101f9734fbd61915152584c5) Importer(815301076,1909f56bfc062723c751e8b465ee728b)
Start importing Assets/V1/Prefab/T1/V1_T1_S4.prefab using Guid(8187d2ea101f9734fbd61915152584c5) Importer(815301076,1909f56bfc062723c751e8b465ee728b)  -> (artifact id: 'af607d72267b00d223bb45680516c354') in 5.910712 seconds 
  Import took 5.917871 seconds .

========================================================================
Received Import Request.
  Time since last request: 0.000291 seconds.
  path: Assets/V1/Prefab/T2/V1_T2_S6.prefab
  artifactKey: Guid(082fa50d1fb955f41a9e8d559d3f39e6) Importer(815301076,1909f56bfc062723c751e8b465ee728b)
Start importing Assets/V1/Prefab/T2/V1_T2_S6.prefab using Guid(082fa50d1fb955f41a9e8d559d3f39e6) Importer(815301076,1909f56bfc062723c751e8b465ee728b)  -> (artifact id: '0fa541f8ff978405bcbecac7ce73c54a') in 1.226726 seconds 
  Import took 1.234340 seconds .

========================================================================
Received Import Request.
  Time since last request: 0.000087 seconds.
  path: Assets/V1/Prefab/T2/V1_T2_S5.prefab
  artifactKey: Guid(9bc76da1019f2eb4d8003f62e12266a8) Importer(815301076,1909f56bfc062723c751e8b465ee728b)
Start importing Assets/V1/Prefab/T2/V1_T2_S5.prefab using Guid(9bc76da1019f2eb4d8003f62e12266a8) Importer(815301076,1909f56bfc062723c751e8b465ee728b)  -> (artifact id: 'a2a47039e8946d988dfb3734e5be9a61') in 0.303792 seconds 
  Import took 0.389260 seconds .

========================================================================
Received Import Request.
  Time since last request: 0.000127 seconds.
  path: Assets/V1/Legend.docx
  artifactKey: Guid(981b4c0d4e67b6d4194cb93d65ce9dd1) Importer(815301076,1909f56bfc062723c751e8b465ee728b)
Start importing Assets/V1/Legend.docx using Guid(981b4c0d4e67b6d4194cb93d65ce9dd1) Importer(815301076,1909f56bfc062723c751e8b465ee728b)  -> (artifact id: '7037b63a5866c1928983be408da38c52') in 0.107807 seconds 
  Import took 0.178377 seconds .

========================================================================
Received Import Request.
  Time since last request: 0.000083 seconds.
  path: Assets/V1/Prefab/T1/V1_T1_S3.prefab
  artifactKey: Guid(48667392d0f3a0840908c9cfde01c9ba) Importer(815301076,1909f56bfc062723c751e8b465ee728b)
Start importing Assets/V1/Prefab/T1/V1_T1_S3.prefab using Guid(48667392d0f3a0840908c9cfde01c9ba) Importer(815301076,1909f56bfc062723c751e8b465ee728b)  -> (artifact id: '2caa342786f4f535080f7467072eedfb') in 0.061163 seconds 
  Import took 0.112171 seconds .

========================================================================
Received Import Request.
  Time since last request: 0.000089 seconds.
  path: Assets/V1/Prefab/T2/V1_T2_S4.prefab
  artifactKey: Guid(5eee0ef564f68bc489f8b8dde7899c02) Importer(815301076,1909f56bfc062723c751e8b465ee728b)
Start importing Assets/V1/Prefab/T2/V1_T2_S4.prefab using Guid(5eee0ef564f68bc489f8b8dde7899c02) Importer(815301076,1909f56bfc062723c751e8b465ee728b)  -> (artifact id: 'c1ff94d5594cc14f1cc5e59b3f14c41b') in 0.105851 seconds 
  Import took 0.113244 seconds .

========================================================================
Received Import Request.
  Time since last request: 0.000082 seconds.
  path: Assets/V1/Prefab/T2/V1_T2_S2.prefab
  artifactKey: Guid(0993ac6bb0c93b44f9426215366bbb86) Importer(815301076,1909f56bfc062723c751e8b465ee728b)
Start importing Assets/V1/Prefab/T2/V1_T2_S2.prefab using Guid(0993ac6bb0c93b44f9426215366bbb86) Importer(815301076,1909f56bfc062723c751e8b465ee728b)  -> (artifact id: 'ddefefe3884062e61ae45ee66838558d') in 0.384277 seconds 
  Import took 0.409735 seconds .

========================================================================
Received Import Request.
  Time since last request: 215.731725 seconds.
  path: Assets/Croissants_Pack/Prefabs/croissant_02_mid.prefab
  artifactKey: Guid(68c3e8c7b9b8e5e419c5dc92916fc4fb) Importer(815301076,1909f56bfc062723c751e8b465ee728b)
Start importing Assets/Croissants_Pack/Prefabs/croissant_02_mid.prefab using Guid(68c3e8c7b9b8e5e419c5dc92916fc4fb) Importer(815301076,1909f56bfc062723c751e8b465ee728b)  -> (artifact id: '246d5e6888a9e3c0159311b766ebaf91') in 0.043742 seconds 
  Import took 0.053275 seconds .

========================================================================
Received Import Request.
  Time since last request: 9.565702 seconds.
  path: Assets/Meshes/Decorative plants/Textures/Spikes diffuse.tga
  artifactKey: Guid(9207c799b46c67641998d47ca4083393) Importer(815301076,1909f56bfc062723c751e8b465ee728b)
Start importing Assets/Meshes/Decorative plants/Textures/Spikes diffuse.tga using Guid(9207c799b46c67641998d47ca4083393) Importer(815301076,1909f56bfc062723c751e8b465ee728b)  -> (artifact id: '699eb7b1d8e78b4179ac3dd829727cde') in 0.053000 seconds 
  Import took 0.057780 seconds .

========================================================================
Received Import Request.
  Time since last request: 0.000148 seconds.
  path: Assets/Meshes/Decorative plants/Textures/Spikes normal.tga
  artifactKey: Guid(edfc13b51aba4074fab9b9a8ec963a0d) Importer(815301076,1909f56bfc062723c751e8b465ee728b)
Start importing Assets/Meshes/Decorative plants/Textures/Spikes normal.tga using Guid(edfc13b51aba4074fab9b9a8ec963a0d) Importer(815301076,1909f56bfc062723c751e8b465ee728b)  -> (artifact id: '3317728d8d3f78d2c057dd326d4aef94') in 0.025733 seconds 
  Import took 0.031478 seconds .

========================================================================
Received Import Request.
  Time since last request: 0.371270 seconds.
  path: Assets/Meshes/Decorative plants/Textures/Shrub diffuse.tga
  artifactKey: Guid(93a3c92dca7388a4baa5fef2e28efdce) Importer(815301076,1909f56bfc062723c751e8b465ee728b)
Start importing Assets/Meshes/Decorative plants/Textures/Shrub diffuse.tga using Guid(93a3c92dca7388a4baa5fef2e28efdce) Importer(815301076,1909f56bfc062723c751e8b465ee728b)  -> (artifact id: '09511d892449290bd9482725ec5e8268') in 0.026718 seconds 
  Import took 0.034010 seconds .

========================================================================
Received Import Request.
  Time since last request: 0.000298 seconds.
  path: Assets/Meshes/Decorative plants/Textures/Shrub normal.tga
  artifactKey: Guid(cd3925797577e2e40aac903a92b30b57) Importer(815301076,1909f56bfc062723c751e8b465ee728b)
Start importing Assets/Meshes/Decorative plants/Textures/Shrub normal.tga using Guid(cd3925797577e2e40aac903a92b30b57) Importer(815301076,1909f56bfc062723c751e8b465ee728b)  -> (artifact id: '88ccdf63dc72e1f1e87484ede777fa62') in 0.020930 seconds 
  Import took 0.027973 seconds .

========================================================================
Received Import Request.
  Time since last request: 0.337287 seconds.
  path: Assets/Meshes/Decorative plants/Textures/Pot diffuse.tga
  artifactKey: Guid(8e36da382fc724845902197067dea7fe) Importer(815301076,1909f56bfc062723c751e8b465ee728b)
Start importing Assets/Meshes/Decorative plants/Textures/Pot diffuse.tga using Guid(8e36da382fc724845902197067dea7fe) Importer(815301076,1909f56bfc062723c751e8b465ee728b)  -> (artifact id: '0450834c210229bf80fa7cf3173b3e93') in 0.021056 seconds 
  Import took 0.026483 seconds .

========================================================================
Received Import Request.
  Time since last request: 0.001100 seconds.
  path: Assets/Meshes/Decorative plants/Textures/Pot normal.tga
  artifactKey: Guid(d84dbe1cdb652974d9a009ac77fd33cb) Importer(815301076,1909f56bfc062723c751e8b465ee728b)
Start importing Assets/Meshes/Decorative plants/Textures/Pot normal.tga using Guid(d84dbe1cdb652974d9a009ac77fd33cb) Importer(815301076,1909f56bfc062723c751e8b465ee728b)  -> (artifact id: 'd0630b80f12c0b491c34087c2baa41ba') in 0.023863 seconds 
  Import took 0.029373 seconds .

========================================================================
Received Import Request.
  Time since last request: 0.179091 seconds.
  path: Assets/Meshes/Decorative plants/Textures/Pine diffuse.tga
  artifactKey: Guid(e2e59fd8366de6f41a06c248733ab246) Importer(815301076,1909f56bfc062723c751e8b465ee728b)
Start importing Assets/Meshes/Decorative plants/Textures/Pine diffuse.tga using Guid(e2e59fd8366de6f41a06c248733ab246) Importer(815301076,1909f56bfc062723c751e8b465ee728b)  -> (artifact id: '0ab87af7cff74400bbd3fe8ba61c4899') in 0.021323 seconds 
  Import took 0.026812 seconds .

========================================================================
Received Import Request.
  Time since last request: 0.000298 seconds.
  path: Assets/Meshes/Decorative plants/Textures/Pine normal.tga
  artifactKey: Guid(f102706b6be506549b530e7a9cafe1c1) Importer(815301076,1909f56bfc062723c751e8b465ee728b)
Start importing Assets/Meshes/Decorative plants/Textures/Pine normal.tga using Guid(f102706b6be506549b530e7a9cafe1c1) Importer(815301076,1909f56bfc062723c751e8b465ee728b)  -> (artifact id: '557e549027015373292e7251057fa5ea') in 0.021493 seconds 
  Import took 0.026203 seconds .

========================================================================
Received Import Request.
  Time since last request: 0.355581 seconds.
  path: Assets/Meshes/Decorative plants/Textures/Palm diffuse.tga
  artifactKey: Guid(b04788af13e75414d8eafa2cc9e52da4) Importer(815301076,1909f56bfc062723c751e8b465ee728b)
Start importing Assets/Meshes/Decorative plants/Textures/Palm diffuse.tga using Guid(b04788af13e75414d8eafa2cc9e52da4) Importer(815301076,1909f56bfc062723c751e8b465ee728b)  -> (artifact id: 'ff1944988100921a3f3b99b090cbb651') in 0.026547 seconds 
  Import took 0.031073 seconds .

========================================================================
Received Import Request.
  Time since last request: 0.000282 seconds.
  path: Assets/Meshes/Decorative plants/Textures/Palm normal.tga
  artifactKey: Guid(85c8800ca193a824d8f2902967ae01ba) Importer(815301076,1909f56bfc062723c751e8b465ee728b)
Start importing Assets/Meshes/Decorative plants/Textures/Palm normal.tga using Guid(85c8800ca193a824d8f2902967ae01ba) Importer(815301076,1909f56bfc062723c751e8b465ee728b)  -> (artifact id: 'bc91253a5bc160dce31bb97851fb6d4e') in 0.022062 seconds 
  Import took 0.028215 seconds .

AssetImportWorkerClient::OnTransportError - code=2 error=End of file
