Using pre-set license
Built from '2020.3/staging' branch; Version is '2020.3.18f1 (a7d1c678663c) revision 10998214'; Using compiler version '192528614'; Build Type 'Release'
OS: 'Windows 10 Home; OS build 19042.1237; Version 2009; 64bit' Language: 'en' Physical Memory: 16301 MB
BatchMode: 1, IsHumanControllingUs: 0, StartBugReporterOnCrash: 0, Is64bit: 1, IsPro: 0

COMMAND LINE ARGUMENTS:
C:\Program Files\Unity\Hub\Editor\2020.3.18f1\Editor\Unity.exe
-adb2
-batchMode
-noUpm
-name
AssetImportWorker0
-projectPath
C:/Users/Josh/Documents/GitHub/HOST-Kitchen-Configurator/HOST W1-1 Kitchen Configurator
-logFile
Logs/AssetImportWorker0.log
-srvPort
52763
Successfully changed project path to: C:/Users/Josh/Documents/GitHub/HOST-Kitchen-Configurator/HOST W1-1 Kitchen Configurator
C:/Users/Josh/Documents/GitHub/HOST-Kitchen-Configurator/HOST W1-1 Kitchen Configurator
Using Asset Import Pipeline V2.
Refreshing native plugins compatible for Editor in 101.98 ms, found 2 plugins.
Preloading 0 native plugins for Editor in 0.00 ms.
Initialize engine version: 2020.3.18f1 (a7d1c678663c)
[Subsystems] Discovering subsystems at path C:/Program Files/Unity/Hub/Editor/2020.3.18f1/Editor/Data/Resources/UnitySubsystems
[Subsystems] Discovering subsystems at path C:/Users/Josh/Documents/GitHub/HOST-Kitchen-Configurator/HOST W1-1 Kitchen Configurator/Assets
GfxDevice: creating device client; threaded=0
Direct3D:
    Version:  Direct3D 11.0 [level 11.1]
    Renderer: NVIDIA GeForce GTX 970 (ID=0x13c2)
    Vendor:   
    VRAM:     4043 MB
    Driver:   30.0.14.7212
Initialize mono
Mono path[0] = 'C:/Program Files/Unity/Hub/Editor/2020.3.18f1/Editor/Data/Managed'
Mono path[1] = 'C:/Program Files/Unity/Hub/Editor/2020.3.18f1/Editor/Data/MonoBleedingEdge/lib/mono/unityjit'
Mono config path = 'C:/Program Files/Unity/Hub/Editor/2020.3.18f1/Editor/Data/MonoBleedingEdge/etc'
Using monoOptions --debugger-agent=transport=dt_socket,embedding=1,server=y,suspend=n,address=127.0.0.1:56092
Begin MonoManager ReloadAssembly
Registering precompiled unity dll's ...
Register platform support module: C:/Program Files/Unity/Hub/Editor/2020.3.18f1/Editor/Data/PlaybackEngines/WebGLSupport/UnityEditor.WebGL.Extensions.dll
Register platform support module: C:/Program Files/Unity/Hub/Editor/2020.3.18f1/Editor/Data/PlaybackEngines/WindowsStandaloneSupport/UnityEditor.WindowsStandalone.Extensions.dll
Registered in 0.004636 seconds.
Native extension for WindowsStandalone target not found
Native extension for WebGL target not found
Refreshing native plugins compatible for Editor in 74.04 ms, found 2 plugins.
Preloading 0 native plugins for Editor in 0.00 ms.
Mono: successfully reloaded assembly
- Completed reload, in  1.841 seconds
Domain Reload Profiling:
	ReloadAssembly (1841ms)
		BeginReloadAssembly (93ms)
			ExecutionOrderSort (0ms)
			DisableScriptedObjects (0ms)
			BackupInstance (0ms)
			ReleaseScriptingObjects (0ms)
			CreateAndSetChildDomain (1ms)
		EndReloadAssembly (641ms)
			LoadAssemblies (90ms)
			RebuildTransferFunctionScriptingTraits (0ms)
			SetupTypeCache (215ms)
			ReleaseScriptCaches (0ms)
			RebuildScriptCaches (45ms)
			SetupLoadedEditorAssemblies (265ms)
				LogAssemblyErrors (0ms)
				InitializePlatformSupportModulesInManaged (7ms)
				SetLoadedEditorAssemblies (0ms)
				RefreshPlugins (74ms)
				BeforeProcessingInitializeOnLoad (24ms)
				ProcessInitializeOnLoadAttributes (119ms)
				ProcessInitializeOnLoadMethodAttributes (40ms)
				AfterProcessingInitializeOnLoad (0ms)
				EditorAssembliesLoaded (0ms)
			ExecutionOrderSort2 (0ms)
			AwakeInstancesAfterBackupRestoration (0ms)
Platform modules already initialized, skipping
Registering precompiled user dll's ...
Registered in 0.007577 seconds.
Begin MonoManager ReloadAssembly
Native extension for WindowsStandalone target not found
Native extension for WebGL target not found
Refreshing native plugins compatible for Editor in 0.90 ms, found 2 plugins.
Preloading 0 native plugins for Editor in 0.00 ms.
Mono: successfully reloaded assembly
- Completed reload, in  1.761 seconds
Domain Reload Profiling:
	ReloadAssembly (1763ms)
		BeginReloadAssembly (217ms)
			ExecutionOrderSort (0ms)
			DisableScriptedObjects (6ms)
			BackupInstance (0ms)
			ReleaseScriptingObjects (0ms)
			CreateAndSetChildDomain (24ms)
		EndReloadAssembly (1450ms)
			LoadAssemblies (155ms)
			RebuildTransferFunctionScriptingTraits (0ms)
			SetupTypeCache (429ms)
			ReleaseScriptCaches (1ms)
			RebuildScriptCaches (75ms)
			SetupLoadedEditorAssemblies (624ms)
				LogAssemblyErrors (0ms)
				InitializePlatformSupportModulesInManaged (11ms)
				SetLoadedEditorAssemblies (1ms)
				RefreshPlugins (1ms)
				BeforeProcessingInitializeOnLoad (167ms)
				ProcessInitializeOnLoadAttributes (381ms)
				ProcessInitializeOnLoadMethodAttributes (52ms)
				AfterProcessingInitializeOnLoad (12ms)
				EditorAssembliesLoaded (0ms)
			ExecutionOrderSort2 (0ms)
			AwakeInstancesAfterBackupRestoration (9ms)
Platform modules already initialized, skipping
========================================================================
Worker process is ready to serve import requests
Launched and connected shader compiler UnityShaderCompiler.exe after 0.14 seconds
Refreshing native plugins compatible for Editor in 0.91 ms, found 2 plugins.
Preloading 0 native plugins for Editor in 0.00 ms.
Unloading 1964 Unused Serialized files (Serialized files now loaded: 0)
System memory in use before: 82.7 MB.
System memory in use after: 82.8 MB.

Unloading 56 unused Assets to reduce memory usage. Loaded Objects now: 2374.
Total: 8.820000 ms (FindLiveObjects: 0.200600 ms CreateObjectMapping: 0.076200 ms MarkObjects: 8.430000 ms  DeleteObjects: 0.111500 ms)

AssetImportParameters requested are different than current active one (requested -> active):
  custom:framework-win-MediaFoundation: 216162199b28c13a410421893ffa2e32 -> 
  custom:video-decoder-ogg-theora: a1e56fd34408186e4bbccfd4996cb3dc -> 
  custom:container-muxer-webm: aa71ff27fc2769a1b78a27578f13a17b -> 
  custom:container-demuxer-webm: 4f35f7cbe854078d1ac9338744f61a02 -> 
  custom:container-demuxer-ogg: 62fdf1f143b41e24485cea50d1cbac27 -> 
  custom:video-encoder-webm-vp8: eb34c28f22e8b96e1ab97ce403110664 -> 
  custom:video-decoder-webm-vp8: 9c59270c3fd7afecdb556c50c9e8de78 -> 
  custom:audio-decoder-ogg-vorbis: bf7c407c2cedff20999df2af8eb42d56 -> 
  custom:audio-encoder-webm-vorbis: bf7c407c2cedff20999df2af8eb42d56 -> 
========================================================================
Received Import Request.
  path: Assets/GareoultWhiteBalanced.exr
  artifactKey: Guid(03518f7e461b0ea4c828858faa5931d8) Importer(815301076,1909f56bfc062723c751e8b465ee728b)
Start importing Assets/GareoultWhiteBalanced.exr using Guid(03518f7e461b0ea4c828858faa5931d8) Importer(815301076,1909f56bfc062723c751e8b465ee728b)  -> (artifact id: 'f9d558c0cf7c9dbc4fa28856609eb2e5') in 0.113827 seconds 
  Import took 0.117549 seconds .

========================================================================
Received Import Request.
  Time since last request: 114.964166 seconds.
  path: Assets/GareoultWhiteBalanced.exr
  artifactKey: Guid(03518f7e461b0ea4c828858faa5931d8) Importer(815301076,1909f56bfc062723c751e8b465ee728b)
Start importing Assets/GareoultWhiteBalanced.exr using Guid(03518f7e461b0ea4c828858faa5931d8) Importer(815301076,1909f56bfc062723c751e8b465ee728b)  -> (artifact id: '42757309b0111f312fc999c0cceac098') in 0.227258 seconds 
  Import took 0.236852 seconds .

========================================================================
Received Import Request.
  Time since last request: 3204.163555 seconds.
  path: Assets/GareoultWhiteBalanced.exr
  artifactKey: Guid(03518f7e461b0ea4c828858faa5931d8) Importer(815301076,1909f56bfc062723c751e8b465ee728b)
Start importing Assets/GareoultWhiteBalanced.exr using Guid(03518f7e461b0ea4c828858faa5931d8) Importer(815301076,1909f56bfc062723c751e8b465ee728b)  -> (artifact id: 'fb98fe58b1582ecabd65336da936ed98') in 0.090422 seconds 
  Import took 0.104850 seconds .

========================================================================
Received Import Request.
  Time since last request: 43.327686 seconds.
  path: Assets/GareoultWhiteBalanced.exr
  artifactKey: Guid(03518f7e461b0ea4c828858faa5931d8) Importer(815301076,1909f56bfc062723c751e8b465ee728b)
Start importing Assets/GareoultWhiteBalanced.exr using Guid(03518f7e461b0ea4c828858faa5931d8) Importer(815301076,1909f56bfc062723c751e8b465ee728b)  -> (artifact id: 'efcad6459549dc2b3320c0ddee66e825') in 0.046274 seconds 
  Import took 0.052597 seconds .

========================================================================
Received Import Request.
  Time since last request: 0.132218 seconds.
  path: Assets/GareoultWhiteBalanced.exr
  artifactKey: Guid(03518f7e461b0ea4c828858faa5931d8) Importer(815301076,1909f56bfc062723c751e8b465ee728b)
Start importing Assets/GareoultWhiteBalanced.exr using Guid(03518f7e461b0ea4c828858faa5931d8) Importer(815301076,1909f56bfc062723c751e8b465ee728b)  -> (artifact id: 'efcad6459549dc2b3320c0ddee66e825') in 0.053568 seconds 
  Import took 0.059477 seconds .

========================================================================
Received Import Request.
  Time since last request: 52.823110 seconds.
  path: Assets/GareoultWhiteBalanced.exr
  artifactKey: Guid(03518f7e461b0ea4c828858faa5931d8) Importer(815301076,1909f56bfc062723c751e8b465ee728b)
Start importing Assets/GareoultWhiteBalanced.exr using Guid(03518f7e461b0ea4c828858faa5931d8) Importer(815301076,1909f56bfc062723c751e8b465ee728b)  -> (artifact id: 'e9953d95b703f0d97295d1c42bb11671') in 0.063570 seconds 
  Import took 0.071233 seconds .

AssetImportWorkerClient::OnTransportError - code=2 error=End of file
